0 info it worked if it ends with ok
1 verbose cli [ '/usr/local/bin/node', '/usr/bin/npm', 'publish' ]
2 info using npm@3.10.8
3 info using node@v6.2.0
4 verbose publish [ '.' ]
5 silly cache add args [ '.', null ]
6 verbose cache add spec .
7 silly cache add parsed spec Result {
7 silly cache add   raw: '.',
7 silly cache add   scope: null,
7 silly cache add   escapedName: null,
7 silly cache add   name: null,
7 silly cache add   rawSpec: '.',
7 silly cache add   spec: '/home/dzhakhar/workspace/real-time',
7 silly cache add   type: 'directory' }
8 verbose addLocalDirectory /home/dzhakhar/.npm/react-storage/1.0.1/package.tgz not in flight; packing
9 verbose correctMkdir /home/dzhakhar/.npm correctMkdir not in flight; initializing
10 info lifecycle react-storage@1.0.1~prepublish: react-storage@1.0.1
11 verbose lifecycle react-storage@1.0.1~prepublish: unsafe-perm in lifecycle true
12 verbose lifecycle react-storage@1.0.1~prepublish: PATH: /usr/lib/node_modules/npm/bin/node-gyp-bin:/home/dzhakhar/workspace/real-time/node_modules/.bin:/home/dzhakhar/.rbenv/shims:/home/dzhakhar/.rbenv/bin:/home/dzhakhar/Desktop/pycharm/pycharm-5.0.4/bin:/usr/local/src/scala/scala-2.10.4/bin:/usr/local/heroku/bin:/usr/local/sbin:/usr/local/bin:/usr/sbin:/usr/bin:/sbin:/bin:/usr/games:/usr/local/games:/opt/arcanist/arcanist/bin/:JAVA_HOME
13 verbose lifecycle react-storage@1.0.1~prepublish: CWD: /home/dzhakhar/workspace/real-time
14 silly lifecycle react-storage@1.0.1~prepublish: Args: [ '-c',
14 silly lifecycle   'webpack && babel src/lib/js/index.jsx --out-file index.js --source-map --presets es2015,react' ]
15 silly lifecycle react-storage@1.0.1~prepublish: Returned: code: 0  signal: null
16 verbose tar pack [ '/home/dzhakhar/.npm/react-storage/1.0.1/package.tgz',
16 verbose tar pack   '/home/dzhakhar/workspace/real-time' ]
17 verbose tarball /home/dzhakhar/.npm/react-storage/1.0.1/package.tgz
18 verbose folder /home/dzhakhar/workspace/real-time
19 verbose addLocalTarball adding from inside cache /home/dzhakhar/.npm/react-storage/1.0.1/package.tgz
20 verbose correctMkdir /home/dzhakhar/.npm correctMkdir not in flight; initializing
21 silly cache afterAdd react-storage@1.0.1
22 verbose afterAdd /home/dzhakhar/.npm/react-storage/1.0.1/package/package.json not in flight; writing
23 verbose correctMkdir /home/dzhakhar/.npm correctMkdir not in flight; initializing
24 verbose afterAdd /home/dzhakhar/.npm/react-storage/1.0.1/package/package.json written
25 silly publish { name: 'react-storage',
25 silly publish   version: '1.0.1',
25 silly publish   description: 'This is a storage that uses observer design pattern to call every listener after updating the storage.',
25 silly publish   main: 'webpack.config.js',
25 silly publish   dependencies:
25 silly publish    { react: '^15.3.2',
25 silly publish      'react-addons-css-transition-group': '^15.3.2',
25 silly publish      'react-dom': '^15.3.2' },
25 silly publish   devDependencies:
25 silly publish    { 'babel-cli': '^6.18.0',
25 silly publish      'babel-core': '^6.18.2',
25 silly publish      'babel-loader': '^6.2.7',
25 silly publish      'babel-plugin-transform-es2015-modules-commonjs': '^6.18.0',
25 silly publish      'babel-plugin-transform-runtime': '^6.15.0',
25 silly publish      'babel-preset-es2015': '^6.18.0',
25 silly publish      'babel-preset-react': '^6.16.0',
25 silly publish      'babel-preset-stage-0': '^6.16.0',
25 silly publish      'babel-runtime': '^6.18.0',
25 silly publish      'css-loader': '^0.25.0',
25 silly publish      'extract-text-webpack-plugin': '^1.0.1',
25 silly publish      less: '^2.7.1',
25 silly publish      'less-loader': '^2.2.3',
25 silly publish      'style-loader': '^0.13.1',
25 silly publish      webpack: '^1.13.3' },
25 silly publish   scripts:
25 silly publish    { prepublish: 'webpack && babel src/lib/js/index.jsx --out-file index.js --source-map --presets es2015,react',
25 silly publish      test: 'echo "Error: no test specified" && exit 1' },
25 silly publish   repository:
25 silly publish    { type: 'git',
25 silly publish      url: 'git+https://github.com/Dzhakhar/react-npm-module-boilerplate.git' },
25 silly publish   author: '',
25 silly publish   license: 'ISC',
25 silly publish   bugs: { url: 'https://github.com/Dzhakhar/react-npm-module-boilerplate/issues' },
25 silly publish   homepage: 'https://github.com/Dzhakhar/react-npm-module-boilerplate#readme',
25 silly publish   readme: '# reactive-storage\nThis is a storage that uses observer design pattern to call every listener after updating the storage.\n\nSimple example. Using with React JS\n\n```\nnpm install real-time --save\n```\n\n```javascript\nimport RStorage from "real-time";\n\nclass Demo extends React.Component {\n\tconstructor(props){\n\t\tsuper(props);\n\n\t\tthis.state = {\n\t\t\tupdateCounter: 0\n\t\t}\n\n\t\tthis.increment = this.increment.bind(this);\n\t\tthis.setUsername = this.setUsername.bind(this);\n\t\tthis.componentWillMount = this.componentWillMount.bind(this);\n\t}\n\n\tincrement(){\n\t\tthis.setState({\n\t\t\tupdateCounter: this.state.updateCounter + 1\n\t\t})\n\t}\n\n\tsetUsername(event){\n\t\tevent.preventDefault();\n\t\tlet value = this.refs.inp.value;\n\t\tRStorage.update("username", value);\n\t}\n\n\tcomponentWillMount(){\n\t\tRStorage.clean(); // if you want to clean localStorage after reloading\n\t\tRStorage.subscribe("username", this.increment);\n\t}\n\n\trender(){\n\t\tlet username = RStorage.getItem("username");\n\n\t\treturn <div>\n\t\t\t<h1>{(username) ? username : "empty value"}</h1>\n\t\t\t<h4>{this.state.updateCounter}</h4>\n\t\t\t<input type="text" onChange={this.setUsername} ref="inp"></input>\n\t\t\t<button onClick={this.setUsername}>Set username</button>\n\t\t</div>\n\t}\n}\n```\n',
25 silly publish   readmeFilename: 'README.md',
25 silly publish   gitHead: 'd5080fc123b93c7bb1f077d8da0ccdf65c44f4b5',
25 silly publish   _id: 'react-storage@1.0.1',
25 silly publish   _shasum: 'faefa4f882cd07f7c9671359e87bf3c899611175',
25 silly publish   _from: '.' }
26 verbose getPublishConfig undefined
27 silly mapToRegistry name react-storage
28 silly mapToRegistry using default registry
29 silly mapToRegistry registry https://registry.npmjs.org/
30 silly mapToRegistry data Result {
30 silly mapToRegistry   raw: 'react-storage',
30 silly mapToRegistry   scope: null,
30 silly mapToRegistry   escapedName: 'react-storage',
30 silly mapToRegistry   name: 'react-storage',
30 silly mapToRegistry   rawSpec: '',
30 silly mapToRegistry   spec: 'latest',
30 silly mapToRegistry   type: 'tag' }
31 silly mapToRegistry uri https://registry.npmjs.org/react-storage
32 verbose publish registryBase https://registry.npmjs.org/
33 silly publish uploading /home/dzhakhar/.npm/react-storage/1.0.1/package.tgz
34 verbose request uri https://registry.npmjs.org/react-storage
35 verbose request sending authorization for write operation
36 info attempt registry request try #1 at 1:22:54 AM
37 verbose request using bearer token for auth
38 verbose request id 5c23283810a4cd07
39 http request PUT https://registry.npmjs.org/react-storage
40 http 403 https://registry.npmjs.org/react-storage
41 verbose headers { 'content-type': 'application/json',
41 verbose headers   'cache-control': 'max-age=300',
41 verbose headers   'content-length': '107',
41 verbose headers   'accept-ranges': 'bytes',
41 verbose headers   date: 'Sat, 19 Nov 2016 19:22:58 GMT',
41 verbose headers   via: '1.1 varnish',
41 verbose headers   connection: 'keep-alive',
41 verbose headers   'x-served-by': 'cache-bma7023-BMA',
41 verbose headers   'x-cache': 'MISS',
41 verbose headers   'x-cache-hits': '0',
41 verbose headers   'x-timer': 'S1479583375.637719,VS0,VE2712',
41 verbose headers   vary: 'Accept-Encoding' }
42 verbose request invalidating /home/dzhakhar/.npm/registry.npmjs.org/react-storage on PUT
43 error publish Failed PUT 403
44 verbose stack Error: you do not have permission to publish "react-storage". Are you logged in as the correct user? : react-storage
44 verbose stack     at makeError (/usr/lib/node_modules/npm/node_modules/npm-registry-client/lib/request.js:302:12)
44 verbose stack     at CachingRegistryClient.<anonymous> (/usr/lib/node_modules/npm/node_modules/npm-registry-client/lib/request.js:290:14)
44 verbose stack     at Request._callback (/usr/lib/node_modules/npm/node_modules/npm-registry-client/lib/request.js:210:14)
44 verbose stack     at Request.self.callback (/usr/lib/node_modules/npm/node_modules/request/request.js:187:22)
44 verbose stack     at emitTwo (events.js:106:13)
44 verbose stack     at Request.emit (events.js:191:7)
44 verbose stack     at Request.<anonymous> (/usr/lib/node_modules/npm/node_modules/request/request.js:1044:10)
44 verbose stack     at emitOne (events.js:96:13)
44 verbose stack     at Request.emit (events.js:188:7)
44 verbose stack     at IncomingMessage.<anonymous> (/usr/lib/node_modules/npm/node_modules/request/request.js:965:12)
45 verbose statusCode 403
46 verbose pkgid react-storage
47 verbose cwd /home/dzhakhar/workspace/real-time
48 error Linux 3.19.0-25-generic
49 error argv "/usr/local/bin/node" "/usr/bin/npm" "publish"
50 error node v6.2.0
51 error npm  v3.10.8
52 error code E403
53 error you do not have permission to publish "react-storage". Are you logged in as the correct user? : react-storage
54 error If you need help, you may report this error at:
54 error     <https://github.com/npm/npm/issues>
55 verbose exit [ 1, true ]
